Determining if the pthread_create exist failed with the following output:
Change Dir: /home/jeslava/msata/sensor_fusion/SFND_Lidar_Obstacle_Detection/src/quiz/ransac/build/CMakeFiles/CMakeTmp

Run Build Command:"/usr/bin/make" "cmTC_6a94a/fast"
/usr/bin/make -f CMakeFiles/cmTC_6a94a.dir/build.make CMakeFiles/cmTC_6a94a.dir/build
make[1]: Entering directory '/home/jeslava/msata/sensor_fusion/SFND_Lidar_Obstacle_Detection/src/quiz/ransac/build/CMakeFiles/CMakeTmp'
Building C object CMakeFiles/cmTC_6a94a.dir/CheckSymbolExists.c.o
/usr/bin/cc     -o CMakeFiles/cmTC_6a94a.dir/CheckSymbolExists.c.o   -c /home/jeslava/msata/sensor_fusion/SFND_Lidar_Obstacle_Detection/src/quiz/ransac/build/CMakeFiles/CMakeTmp/CheckSymbolExists.c
Linking C executable cmTC_6a94a
/usr/bin/cmake -E cmake_link_script CMakeFiles/cmTC_6a94a.dir/link.txt --verbose=1
/usr/bin/cc       CMakeFiles/cmTC_6a94a.dir/CheckSymbolExists.c.o  -o cmTC_6a94a -rdynamic 
CMakeFiles/cmTC_6a94a.dir/CheckSymbolExists.c.o: In function `main':
CheckSymbolExists.c:(.text+0x16): undefined reference to `pthread_create'
collect2: error: ld returned 1 exit status
CMakeFiles/cmTC_6a94a.dir/build.make:97: recipe for target 'cmTC_6a94a' failed
make[1]: *** [cmTC_6a94a] Error 1
make[1]: Leaving directory '/home/jeslava/msata/sensor_fusion/SFND_Lidar_Obstacle_Detection/src/quiz/ransac/build/CMakeFiles/CMakeTmp'
Makefile:126: recipe for target 'cmTC_6a94a/fast' failed
make: *** [cmTC_6a94a/fast] Error 2

File /home/jeslava/msata/sensor_fusion/SFND_Lidar_Obstacle_Detection/src/quiz/ransac/build/CMakeFiles/CMakeTmp/CheckSymbolExists.c:
/* */
#include <pthread.h>

int main(int argc, char** argv)
{
  (void)argv;
#ifndef pthread_create
  return ((int*)(&pthread_create))[argc];
#else
  (void)argc;
  return 0;
#endif
}

Determining if the function pthread_create exists in the pthreads failed with the following output:
Change Dir: /home/jeslava/msata/sensor_fusion/SFND_Lidar_Obstacle_Detection/src/quiz/ransac/build/CMakeFiles/CMakeTmp

Run Build Command:"/usr/bin/make" "cmTC_0033b/fast"
/usr/bin/make -f CMakeFiles/cmTC_0033b.dir/build.make CMakeFiles/cmTC_0033b.dir/build
make[1]: Entering directory '/home/jeslava/msata/sensor_fusion/SFND_Lidar_Obstacle_Detection/src/quiz/ransac/build/CMakeFiles/CMakeTmp'
Building C object CMakeFiles/cmTC_0033b.dir/CheckFunctionExists.c.o
/usr/bin/cc    -DCHECK_FUNCTION_EXISTS=pthread_create   -o CMakeFiles/cmTC_0033b.dir/CheckFunctionExists.c.o   -c /usr/share/cmake-3.5/Modules/CheckFunctionExists.c
Linking C executable cmTC_0033b
/usr/bin/cmake -E cmake_link_script CMakeFiles/cmTC_0033b.dir/link.txt --verbose=1
/usr/bin/cc   -DCHECK_FUNCTION_EXISTS=pthread_create    CMakeFiles/cmTC_0033b.dir/CheckFunctionExists.c.o  -o cmTC_0033b -rdynamic -lpthreads 
/usr/bin/ld: cannot find -lpthreads
collect2: error: ld returned 1 exit status
CMakeFiles/cmTC_0033b.dir/build.make:97: recipe for target 'cmTC_0033b' failed
make[1]: *** [cmTC_0033b] Error 1
make[1]: Leaving directory '/home/jeslava/msata/sensor_fusion/SFND_Lidar_Obstacle_Detection/src/quiz/ransac/build/CMakeFiles/CMakeTmp'
Makefile:126: recipe for target 'cmTC_0033b/fast' failed
make: *** [cmTC_0033b/fast] Error 2


