Determining if the pthread_create exist failed with the following output:
Change Dir: /home/jeslava/msata/sensor_fusion/SFND_Lidar_Obstacle_Detection/build/CMakeFiles/CMakeTmp

Run Build Command:"/usr/bin/make" "cmTC_e5b71/fast"
/usr/bin/make -f CMakeFiles/cmTC_e5b71.dir/build.make CMakeFiles/cmTC_e5b71.dir/build
make[1]: Entering directory '/home/jeslava/msata/sensor_fusion/SFND_Lidar_Obstacle_Detection/build/CMakeFiles/CMakeTmp'
Building C object CMakeFiles/cmTC_e5b71.dir/CheckSymbolExists.c.o
/usr/bin/cc     -o CMakeFiles/cmTC_e5b71.dir/CheckSymbolExists.c.o   -c /home/jeslava/msata/sensor_fusion/SFND_Lidar_Obstacle_Detection/build/CMakeFiles/CMakeTmp/CheckSymbolExists.c
Linking C executable cmTC_e5b71
/usr/bin/cmake -E cmake_link_script CMakeFiles/cmTC_e5b71.dir/link.txt --verbose=1
/usr/bin/cc       CMakeFiles/cmTC_e5b71.dir/CheckSymbolExists.c.o  -o cmTC_e5b71 -rdynamic 
CMakeFiles/cmTC_e5b71.dir/CheckSymbolExists.c.o: In function `main':
CheckSymbolExists.c:(.text+0x16): undefined reference to `pthread_create'
collect2: error: ld returned 1 exit status
CMakeFiles/cmTC_e5b71.dir/build.make:97: recipe for target 'cmTC_e5b71' failed
make[1]: *** [cmTC_e5b71] Error 1
make[1]: Leaving directory '/home/jeslava/msata/sensor_fusion/SFND_Lidar_Obstacle_Detection/build/CMakeFiles/CMakeTmp'
Makefile:126: recipe for target 'cmTC_e5b71/fast' failed
make: *** [cmTC_e5b71/fast] Error 2

File /home/jeslava/msata/sensor_fusion/SFND_Lidar_Obstacle_Detection/build/CMakeFiles/CMakeTmp/CheckSymbolExists.c:
/* */
#include <pthread.h>

int main(int argc, char** argv)
{
  (void)argv;
#ifndef pthread_create
  return ((int*)(&pthread_create))[argc];
#else
  (void)argc;
  return 0;
#endif
}

Determining if the function pthread_create exists in the pthreads failed with the following output:
Change Dir: /home/jeslava/msata/sensor_fusion/SFND_Lidar_Obstacle_Detection/build/CMakeFiles/CMakeTmp

Run Build Command:"/usr/bin/make" "cmTC_ff076/fast"
/usr/bin/make -f CMakeFiles/cmTC_ff076.dir/build.make CMakeFiles/cmTC_ff076.dir/build
make[1]: Entering directory '/home/jeslava/msata/sensor_fusion/SFND_Lidar_Obstacle_Detection/build/CMakeFiles/CMakeTmp'
Building C object CMakeFiles/cmTC_ff076.dir/CheckFunctionExists.c.o
/usr/bin/cc    -DCHECK_FUNCTION_EXISTS=pthread_create   -o CMakeFiles/cmTC_ff076.dir/CheckFunctionExists.c.o   -c /usr/share/cmake-3.5/Modules/CheckFunctionExists.c
Linking C executable cmTC_ff076
/usr/bin/cmake -E cmake_link_script CMakeFiles/cmTC_ff076.dir/link.txt --verbose=1
/usr/bin/cc   -DCHECK_FUNCTION_EXISTS=pthread_create    CMakeFiles/cmTC_ff076.dir/CheckFunctionExists.c.o  -o cmTC_ff076 -rdynamic -lpthreads 
/usr/bin/ld: cannot find -lpthreads
collect2: error: ld returned 1 exit status
CMakeFiles/cmTC_ff076.dir/build.make:97: recipe for target 'cmTC_ff076' failed
make[1]: *** [cmTC_ff076] Error 1
make[1]: Leaving directory '/home/jeslava/msata/sensor_fusion/SFND_Lidar_Obstacle_Detection/build/CMakeFiles/CMakeTmp'
Makefile:126: recipe for target 'cmTC_ff076/fast' failed
make: *** [cmTC_ff076/fast] Error 2


